<?xml version="1.0" encoding="UTF-8"?>
<!-- Generated by org.testng.reporters.JUnitReportReporter -->
<testsuite hostname="RajeshPC" failures="0" tests="1" name="com.group.TestScripts.SpiceJetTest" time="34.417" errors="0" timestamp="2020-10-21T21:02:58 IST" skipped="0">
  <testcase classname="com.group.TestScripts.SpiceJetTest" name="spiceJetAirWay" time="34.417"/>
  <system-out/>
</testsuite> <!-- com.group.TestScripts.SpiceJetTest -->
