<?xml version="1.0" encoding="UTF-8"?>
<!-- Generated by org.testng.reporters.JUnitReportReporter -->
<testsuite hostname="RajeshPC" failures="0" tests="2" name="utilities.ExcelDataProvider" time="0.011" errors="0" timestamp="2020-09-26T21:59:01 IST" skipped="0">
  <testcase classname="utilities.ExcelDataProvider" name="test1" time="0.002"/>
  <system-out/>
  <testcase classname="utilities.ExcelDataProvider" name="test1" time="0.009"/>
  <system-out/>
</testsuite> <!-- utilities.ExcelDataProvider -->
