<?xml version="1.0" encoding="UTF-8"?>
<!-- Generated by org.testng.reporters.JUnitReportReporter -->
<testsuite hostname="RajeshPC" failures="0" tests="1" name="com.group.TestScripts.VerifyGoogleSearch" time="9.300" errors="0" timestamp="2020-10-05T17:39:43 IST" skipped="0">
  <testcase classname="com.group.TestScripts.VerifyGoogleSearch" name="googleSearchTest" time="9.300"/>
  <system-out/>
</testsuite> <!-- com.group.TestScripts.VerifyGoogleSearch -->
