<?xml version="1.0" encoding="UTF-8"?>
<!-- Generated by org.testng.reporters.JUnitReportReporter -->
<testsuite hostname="RajeshPC" failures="0" tests="1" name="com.group.googleSearchTest.VerifyGoogleSearch" time="13.095" errors="0" timestamp="2020-10-05T17:10:46 IST" skipped="0">
  <testcase classname="com.group.googleSearchTest.VerifyGoogleSearch" name="googleSearchTest" time="13.095"/>
  <system-out/>
</testsuite> <!-- com.group.googleSearchTest.VerifyGoogleSearch -->
