<?xml version="1.0" encoding="UTF-8"?>
<!-- Generated by org.testng.reporters.JUnitReportReporter -->
<testsuite hostname="RajeshPC" failures="0" tests="1" name="com.group.TestScripts.OrbitTest" time="17.431" errors="0" timestamp="2020-10-20T19:59:05 IST" skipped="0">
  <testcase classname="com.group.TestScripts.OrbitTest" name="myPracticeTest" time="17.431"/>
  <system-out/>
</testsuite> <!-- com.group.TestScripts.OrbitTest -->
