<?xml version="1.0" encoding="UTF-8"?>
<!-- Generated by org.testng.reporters.JUnitReportReporter -->
<testsuite hostname="RajeshPC" failures="0" tests="1" name="com.group.TestScripts.PalindromeStringTest" time="0.003" errors="0" timestamp="2020-10-05T17:39:43 IST" skipped="0">
  <testcase classname="com.group.TestScripts.PalindromeStringTest" name="palindromeTest" time="0.003"/>
  <system-out/>
</testsuite> <!-- com.group.TestScripts.PalindromeStringTest -->
