<?xml version="1.0" encoding="UTF-8"?>
<!-- Generated by org.testng.reporters.JUnitReportReporter -->
<testsuite hostname="RajeshPC" failures="0" tests="1" name="com.group.TestScripts.SeleniumPracticeTest" time="34.658" errors="0" timestamp="2020-10-14T16:46:00 IST" skipped="0">
  <testcase classname="com.group.TestScripts.SeleniumPracticeTest" name="alterTest" time="34.658"/>
  <system-out/>
</testsuite> <!-- com.group.TestScripts.SeleniumPracticeTest -->
